{"meta": {"format": 3, "version": "7.10.7", "timestamp": "2025-12-03T16:50:50.916540", "branch_coverage": false, "show_contexts": false}, "files": {"src/verifier/__init__.py": {"executed_lines": [1, 6, 7, 9, 14], "summary": {"covered_lines": 4, "num_statements": 4, "percent_covered": 100.0, "percent_covered_display": "100", "missing_lines": 0, "excluded_lines": 0}, "missing_lines": [], "excluded_lines": [], "functions": {"": {"executed_lines": [1, 6, 7, 9, 14], "summary": {"covered_lines": 4, "num_statements": 4, "percent_covered": 100.0, "percent_covered_display": "100", "missing_lines": 0, "excluded_lines": 0}, "missing_lines": [], "excluded_lines": []}}, "classes": {"": {"executed_lines": [1, 6, 7, 9, 14], "summary": {"covered_lines": 4, "num_statements": 4, "percent_covered": 100.0, "percent_covered_display": "100", "missing_lines": 0, "excluded_lines": 0}, "missing_lines": [], "excluded_lines": []}}}, "src/verifier/java_bytecode_scanner.py": {"executed_lines": [1, 6, 7, 8, 9, 10, 13, 14, 16, 18, 19, 20, 21, 23, 31, 32, 33, 34, 35, 38, 41, 42, 45, 46, 48, 50, 51, 53, 54, 56, 57, 59, 61, 63, 64, 65, 68, 69, 70, 73, 74, 75, 76, 78, 80, 82, 84, 85, 86, 87, 88, 90, 91, 93, 95, 99, 100, 101, 102, 103, 106, 107, 108, 109, 111, 112, 113, 116, 117, 121, 123, 126, 127, 133, 134, 135, 137, 138, 139, 141, 145, 148, 149, 151, 153, 154, 156, 165, 166], "summary": {"covered_lines": 87, "num_statements": 91, "percent_covered": 95.6043956043956, "percent_covered_display": "96", "missing_lines": 4, "excluded_lines": 0}, "missing_lines": [52, 128, 129, 130], "excluded_lines": [], "functions": {"JavaBytecodeScanner.__init__": {"executed_lines": [18, 19, 20, 21], "summary": {"covered_lines": 4, "num_statements": 4, "percent_covered": 100.0, "percent_covered_display": "100", "missing_lines": 0, "excluded_lines": 0}, "missing_lines": [], "excluded_lines": []}, "JavaBytecodeScanner.scan_class_file": {"executed_lines": [31, 32, 33, 34, 35, 38, 41, 42, 45, 46, 48, 50, 51, 53, 54, 56, 57], "summary": {"covered_lines": 17, "num_statements": 18, "percent_covered": 94.44444444444444, "percent_covered_display": "94", "missing_lines": 1, "excluded_lines": 0}, "missing_lines": [52], "excluded_lines": []}, "JavaBytecodeScanner._check_class_references": {"executed_lines": [61, 63, 64, 65, 68, 69, 70, 73, 74, 75, 76, 78], "summary": {"covered_lines": 12, "num_statements": 12, "percent_covered": 100.0, "percent_covered_display": "100", "missing_lines": 0, "excluded_lines": 0}, "missing_lines": [], "excluded_lines": []}, "JavaBytecodeScanner._check_method_calls": {"executed_lines": [82, 84, 85, 86, 87, 88, 90, 91, 93], "summary": {"covered_lines": 9, "num_statements": 9, "percent_covered": 100.0, "percent_covered_display": "100", "missing_lines": 0, "excluded_lines": 0}, "missing_lines": [], "excluded_lines": []}, "JavaBytecodeScanner.check_implements_interface": {"executed_lines": [99, 100, 101, 102, 103, 106, 107, 108, 109, 111, 112, 113, 116, 117, 121], "summary": {"covered_lines": 15, "num_statements": 15, "percent_covered": 100.0, "percent_covered_display": "100", "missing_lines": 0, "excluded_lines": 0}, "missing_lines": [], "excluded_lines": []}, "JavaBytecodeScanner.check_has_method": {"executed_lines": [126, 127, 133, 134, 135, 137, 138, 139, 141, 145, 148, 149], "summary": {"covered_lines": 12, "num_statements": 15, "percent_covered": 80.0, "percent_covered_display": "80", "missing_lines": 3, "excluded_lines": 0}, "missing_lines": [128, 129, 130], "excluded_lines": []}, "JavaBytecodeScanner.get_class_info": {"executed_lines": [153, 154, 156, 165, 166], "summary": {"covered_lines": 5, "num_statements": 5, "percent_covered": 100.0, "percent_covered_display": "100", "missing_lines": 0, "excluded_lines": 0}, "missing_lines": [], "excluded_lines": []}, "": {"executed_lines": [1, 6, 7, 8, 9, 10, 13, 14, 16, 23, 59, 80, 95, 123, 151], "summary": {"covered_lines": 13, "num_statements": 13, "percent_covered": 100.0, "percent_covered_display": "100", "missing_lines": 0, "excluded_lines": 0}, "missing_lines": [], "excluded_lines": []}}, "classes": {"JavaBytecodeScanner": {"executed_lines": [18, 19, 20, 21, 31, 32, 33, 34, 35, 38, 41, 42, 45, 46, 48, 50, 51, 53, 54, 56, 57, 61, 63, 64, 65, 68, 69, 70, 73, 74, 75, 76, 78, 82, 84, 85, 86, 87, 88, 90, 91, 93, 99, 100, 101, 102, 103, 106, 107, 108, 109, 111, 112, 113, 116, 117, 121, 126, 127, 133, 134, 135, 137, 138, 139, 141, 145, 148, 149, 153, 154, 156, 165, 166], "summary": {"covered_lines": 74, "num_statements": 78, "percent_covered": 94.87179487179488, "percent_covered_display": "95", "missing_lines": 4, "excluded_lines": 0}, "missing_lines": [52, 128, 129, 130], "excluded_lines": []}, "": {"executed_lines": [1, 6, 7, 8, 9, 10, 13, 14, 16, 23, 59, 80, 95, 123, 151], "summary": {"covered_lines": 13, "num_statements": 13, "percent_covered": 100.0, "percent_covered_display": "100", "missing_lines": 0, "excluded_lines": 0}, "missing_lines": [], "excluded_lines": []}}}, "src/verifier/report_generator.py": {"executed_lines": [1, 6, 7, 8, 11, 12, 29, 30, 31, 32, 34, 36, 38, 40, 42, 44, 48, 50, 56, 58, 60, 62, 63, 70, 72, 73, 74, 75, 77, 79, 80, 81, 83, 85, 86, 87, 88, 89, 90, 92, 102, 111, 113], "summary": {"covered_lines": 41, "num_statements": 42, "percent_covered": 97.61904761904762, "percent_covered_display": "98", "missing_lines": 1, "excluded_lines": 1}, "missing_lines": [65], "excluded_lines": [12], "functions": {"ReportGenerator.__init__": {"executed_lines": [30, 31, 32], "summary": {"covered_lines": 3, "num_statements": 3, "percent_covered": 100.0, "percent_covered_display": "100", "missing_lines": 0, "excluded_lines": 0}, "missing_lines": [], "excluded_lines": []}, "ReportGenerator.start_timing": {"executed_lines": [36], "summary": {"covered_lines": 1, "num_statements": 1, "percent_covered": 100.0, "percent_covered_display": "100", "missing_lines": 0, "excluded_lines": 0}, "missing_lines": [], "excluded_lines": []}, "ReportGenerator.end_timing": {"executed_lines": [40], "summary": {"covered_lines": 1, "num_statements": 1, "percent_covered": 100.0, "percent_covered_display": "100", "missing_lines": 0, "excluded_lines": 0}, "missing_lines": [], "excluded_lines": []}, "ReportGenerator.add_check_passed": {"executed_lines": [44], "summary": {"covered_lines": 1, "num_statements": 1, "percent_covered": 100.0, "percent_covered_display": "100", "missing_lines": 0, "excluded_lines": 0}, "missing_lines": [], "excluded_lines": []}, "ReportGenerator.add_check_failed": {"executed_lines": [50], "summary": {"covered_lines": 1, "num_statements": 1, "percent_covered": 100.0, "percent_covered_display": "100", "missing_lines": 0, "excluded_lines": 0}, "missing_lines": [], "excluded_lines": []}, "ReportGenerator.add_error": {"executed_lines": [58], "summary": {"covered_lines": 1, "num_statements": 1, "percent_covered": 100.0, "percent_covered_display": "100", "missing_lines": 0, "excluded_lines": 0}, "missing_lines": [], "excluded_lines": []}, "ReportGenerator.add_warning": {"executed_lines": [62, 63], "summary": {"covered_lines": 2, "num_statements": 3, "percent_covered": 66.66666666666667, "percent_covered_display": "67", "missing_lines": 1, "excluded_lines": 0}, "missing_lines": [65], "excluded_lines": []}, "ReportGenerator.get_execution_time_ms": {"executed_lines": [72, 73, 74, 75], "summary": {"covered_lines": 4, "num_statements": 4, "percent_covered": 100.0, "percent_covered_display": "100", "missing_lines": 0, "excluded_lines": 0}, "missing_lines": [], "excluded_lines": []}, "ReportGenerator.is_verified": {"executed_lines": [79, 80, 81], "summary": {"covered_lines": 3, "num_statements": 3, "percent_covered": 100.0, "percent_covered_display": "100", "missing_lines": 0, "excluded_lines": 0}, "missing_lines": [], "excluded_lines": []}, "ReportGenerator.get_overall_errors": {"executed_lines": [85, 86, 87, 88, 89, 90], "summary": {"covered_lines": 6, "num_statements": 6, "percent_covered": 100.0, "percent_covered_display": "100", "missing_lines": 0, "excluded_lines": 0}, "missing_lines": [], "excluded_lines": []}, "ReportGenerator.generate_report": {"executed_lines": [102], "summary": {"covered_lines": 1, "num_statements": 1, "percent_covered": 100.0, "percent_covered_display": "100", "missing_lines": 0, "excluded_lines": 0}, "missing_lines": [], "excluded_lines": []}, "ReportGenerator.to_json": {"executed_lines": [113], "summary": {"covered_lines": 1, "num_statements": 1, "percent_covered": 100.0, "percent_covered_display": "100", "missing_lines": 0, "excluded_lines": 0}, "missing_lines": [], "excluded_lines": []}, "": {"executed_lines": [1, 6, 7, 8, 11, 12, 29, 34, 38, 42, 48, 56, 60, 70, 77, 83, 92, 111], "summary": {"covered_lines": 16, "num_statements": 16, "percent_covered": 100.0, "percent_covered_display": "100", "missing_lines": 0, "excluded_lines": 1}, "missing_lines": [], "excluded_lines": [12]}}, "classes": {"ReportGenerator": {"executed_lines": [30, 31, 32, 36, 40, 44, 50, 58, 62, 63, 72, 73, 74, 75, 79, 80, 81, 85, 86, 87, 88, 89, 90, 102, 113], "summary": {"covered_lines": 25, "num_statements": 26, "percent_covered": 96.15384615384616, "percent_covered_display": "96", "missing_lines": 1, "excluded_lines": 0}, "missing_lines": [65], "excluded_lines": []}, "": {"executed_lines": [1, 6, 7, 8, 11, 12, 29, 34, 38, 42, 48, 56, 60, 70, 77, 83, 92, 111], "summary": {"covered_lines": 16, "num_statements": 16, "percent_covered": 100.0, "percent_covered_display": "100", "missing_lines": 0, "excluded_lines": 1}, "missing_lines": [], "excluded_lines": [12]}}}}, "totals": {"covered_lines": 132, "num_statements": 137, "percent_covered": 96.35036496350365, "percent_covered_display": "96", "missing_lines": 5, "excluded_lines": 1}}